2019/09/19 19:22:06 INFO  [main] - Starting DemoApplication on ar-mac-013.local with PID 45634 (/Users/a-mac-013/work/logback_demo/build/classes/java/main started by a-mac-013 in /Users/a-mac-013/work/logback_demo)
2019/09/19 19:22:06 INFO  [main] - No active profile set, falling back to default profiles: default
2019/09/19 19:22:07 INFO  [main] - Tomcat initialized with port(s): 8080 (http)
2019/09/19 19:22:07 INFO  [main] - Initializing ProtocolHandler ["http-nio-8080"]
2019/09/19 19:22:07 INFO  [main] - Starting service [Tomcat]
2019/09/19 19:22:07 INFO  [main] - Starting Servlet engine: [Apache Tomcat/9.0.24]
2019/09/19 19:22:08 INFO  [main] - Initializing Spring embedded WebApplicationContext
2019/09/19 19:22:08 INFO  [main] - Root WebApplicationContext: initialization completed in 1202 ms
2019/09/19 19:22:08 INFO  [main] - Initializing ExecutorService 'applicationTaskExecutor'
2019/09/19 19:22:08 INFO  [main] - Adding welcome page: class path resource [static/index.html]
2019/09/19 19:22:08 INFO  [main] - Starting ProtocolHandler ["http-nio-8080"]
2019/09/19 19:22:08 INFO  [main] - Tomcat started on port(s): 8080 (http) with context path ''
2019/09/19 19:22:08 INFO  [main] - Started DemoApplication in 22.14 seconds (JVM running for 22.724)
2019/09/19 19:22:26 INFO  [http-nio-8080-exec-1] - Initializing Spring DispatcherServlet 'dispatcherServlet'
2019/09/19 19:22:26 INFO  [http-nio-8080-exec-1] - Initializing Servlet 'dispatcherServlet'
2019/09/19 19:22:26 INFO  [http-nio-8080-exec-1] - Completed initialization in 5 ms
2019/09/19 19:22:26 INFO  [http-nio-8080-exec-1] - これはrootロガーのみ継承されているためFILE_Aのみに出力されます。
2019/09/19 19:22:26 INFO  [http-nio-8080-exec-1] - これはcom.exampleロガーを継承しているのでFILE_AとFILE_Bに出力されます。
2019/09/19 19:23:27 INFO  [main] - Starting DemoApplication on ar-mac-013.local with PID 45732 (/Users/a-mac-013/work/logback_demo/build/classes/java/main started by a-mac-013 in /Users/a-mac-013/work/logback_demo)
2019/09/19 19:23:27 INFO  [main] - No active profile set, falling back to default profiles: default
2019/09/19 19:23:28 INFO  [main] - Tomcat initialized with port(s): 8080 (http)
2019/09/19 19:23:28 INFO  [main] - Initializing ProtocolHandler ["http-nio-8080"]
2019/09/19 19:23:28 INFO  [main] - Starting service [Tomcat]
2019/09/19 19:23:28 INFO  [main] - Starting Servlet engine: [Apache Tomcat/9.0.24]
2019/09/19 19:23:28 INFO  [main] - Initializing Spring embedded WebApplicationContext
2019/09/19 19:23:28 INFO  [main] - Root WebApplicationContext: initialization completed in 1094 ms
2019/09/19 19:23:29 INFO  [main] - Initializing ExecutorService 'applicationTaskExecutor'
2019/09/19 19:23:29 INFO  [main] - Adding welcome page: class path resource [static/index.html]
2019/09/19 19:23:29 INFO  [main] - Starting ProtocolHandler ["http-nio-8080"]
2019/09/19 19:23:29 INFO  [main] - Tomcat started on port(s): 8080 (http) with context path ''
2019/09/19 19:23:29 INFO  [main] - Started DemoApplication in 21.942 seconds (JVM running for 22.524)
2019/09/19 19:23:40 INFO  [http-nio-8080-exec-1] - Initializing Spring DispatcherServlet 'dispatcherServlet'
2019/09/19 19:23:40 INFO  [http-nio-8080-exec-1] - Initializing Servlet 'dispatcherServlet'
2019/09/19 19:23:40 INFO  [http-nio-8080-exec-1] - Completed initialization in 8 ms
2019/09/19 19:23:40 INFO  [http-nio-8080-exec-1] - これはrootロガーのみ継承されているためFILE_Aのみに出力されます。
2019/09/19 19:23:40 INFO  [http-nio-8080-exec-1] - これはcom.exampleロガーを継承しているのでFILE_AとFILE_Bに出力されます。
2019/09/19 19:23:40 INFO  [http-nio-8080-exec-3] - これはrootロガーのみ継承されているためFILE_Aのみに出力されます。
2019/09/19 19:23:40 INFO  [http-nio-8080-exec-3] - これはcom.exampleロガーを継承しているのでFILE_AとFILE_Bに出力されます。
2019/09/19 19:25:03 INFO  [main] - Starting DemoApplication on ar-mac-013.local with PID 45835 (/Users/a-mac-013/work/logback_demo/build/classes/java/main started by a-mac-013 in /Users/a-mac-013/work/logback_demo)
2019/09/19 19:25:03 INFO  [main] - No active profile set, falling back to default profiles: default
2019/09/19 19:25:04 INFO  [main] - Tomcat initialized with port(s): 8080 (http)
2019/09/19 19:25:04 INFO  [main] - Initializing ProtocolHandler ["http-nio-8080"]
2019/09/19 19:25:04 INFO  [main] - Starting service [Tomcat]
2019/09/19 19:25:04 INFO  [main] - Starting Servlet engine: [Apache Tomcat/9.0.24]
2019/09/19 19:25:05 INFO  [main] - Initializing Spring embedded WebApplicationContext
2019/09/19 19:25:05 INFO  [main] - Root WebApplicationContext: initialization completed in 1130 ms
2019/09/19 19:25:05 INFO  [main] - Initializing ExecutorService 'applicationTaskExecutor'
2019/09/19 19:25:05 INFO  [main] - Starting ProtocolHandler ["http-nio-8080"]
2019/09/19 19:25:05 INFO  [main] - Tomcat started on port(s): 8080 (http) with context path ''
2019/09/19 19:25:05 INFO  [main] - Started DemoApplication in 21.993 seconds (JVM running for 22.524)
2019/09/19 19:25:09 INFO  [http-nio-8080-exec-1] - Initializing Spring DispatcherServlet 'dispatcherServlet'
2019/09/19 19:25:09 INFO  [http-nio-8080-exec-1] - Initializing Servlet 'dispatcherServlet'
2019/09/19 19:25:09 INFO  [http-nio-8080-exec-1] - Completed initialization in 5 ms
2019/09/19 19:25:09 INFO  [http-nio-8080-exec-1] - これはrootロガーのみ継承されているためFILE_Aのみに出力されます。
2019/09/19 19:25:09 INFO  [http-nio-8080-exec-1] - これはcom.exampleロガーを継承しているのでFILE_AとFILE_Bに出力されます。
2019/09/19 19:26:12 INFO  [main] - Starting DemoApplication on ar-mac-013.local with PID 45885 (/Users/a-mac-013/work/logback_demo/build/classes/java/main started by a-mac-013 in /Users/a-mac-013/work/logback_demo)
2019/09/19 19:26:12 INFO  [main] - No active profile set, falling back to default profiles: default
2019/09/19 19:26:13 INFO  [main] - Tomcat initialized with port(s): 8080 (http)
2019/09/19 19:26:13 INFO  [main] - Initializing ProtocolHandler ["http-nio-8080"]
2019/09/19 19:26:13 INFO  [main] - Starting service [Tomcat]
2019/09/19 19:26:13 INFO  [main] - Starting Servlet engine: [Apache Tomcat/9.0.24]
2019/09/19 19:26:13 INFO  [main] - Initializing Spring embedded WebApplicationContext
2019/09/19 19:26:13 INFO  [main] - Root WebApplicationContext: initialization completed in 1065 ms
2019/09/19 19:26:14 INFO  [main] - Initializing ExecutorService 'applicationTaskExecutor'
2019/09/19 19:26:14 INFO  [main] - Starting ProtocolHandler ["http-nio-8080"]
2019/09/19 19:26:14 INFO  [main] - Tomcat started on port(s): 8080 (http) with context path ''
2019/09/19 19:26:14 INFO  [main] - Started DemoApplication in 21.895 seconds (JVM running for 22.439)
2019/09/19 19:26:24 INFO  [http-nio-8080-exec-1] - Initializing Spring DispatcherServlet 'dispatcherServlet'
2019/09/19 19:26:24 INFO  [http-nio-8080-exec-1] - Initializing Servlet 'dispatcherServlet'
2019/09/19 19:26:24 INFO  [http-nio-8080-exec-1] - Completed initialization in 19 ms
2019/09/19 19:26:24 INFO  [http-nio-8080-exec-1] - これはrootロガーのみ継承されているためFILE_Aのみに出力されます。
2019/09/19 19:26:24 INFO  [http-nio-8080-exec-1] - これはcom.exampleロガーを継承しているのでFILE_AとFILE_Bに出力されます。
2019/09/19 19:26:24 INFO  [http-nio-8080-exec-3] - これはrootロガーのみ継承されているためFILE_Aのみに出力されます。
2019/09/19 19:26:24 INFO  [http-nio-8080-exec-3] - これはcom.exampleロガーを継承しているのでFILE_AとFILE_Bに出力されます。
2019/09/19 19:26:29 INFO  [http-nio-8080-exec-5] - これはrootロガーのみ継承されているためFILE_Aのみに出力されます。
2019/09/19 19:26:29 INFO  [http-nio-8080-exec-5] - これはcom.exampleロガーを継承しているのでFILE_AとFILE_Bに出力されます。
2019/09/19 19:32:42 INFO  [main] - Starting DemoApplication on ar-mac-013.local with PID 46227 (/Users/a-mac-013/work/logback_demo/build/classes/java/main started by a-mac-013 in /Users/a-mac-013/work/logback_demo)
2019/09/19 19:32:42 INFO  [main] - No active profile set, falling back to default profiles: default
2019/09/19 19:32:43 INFO  [main] - Tomcat initialized with port(s): 8080 (http)
2019/09/19 19:32:43 INFO  [main] - Initializing ProtocolHandler ["http-nio-8080"]
2019/09/19 19:32:43 INFO  [main] - Starting service [Tomcat]
2019/09/19 19:32:43 INFO  [main] - Starting Servlet engine: [Apache Tomcat/9.0.24]
2019/09/19 19:32:44 INFO  [main] - Initializing Spring embedded WebApplicationContext
2019/09/19 19:32:44 INFO  [main] - Root WebApplicationContext: initialization completed in 1248 ms
2019/09/19 19:32:44 INFO  [main] - Initializing ExecutorService 'applicationTaskExecutor'
2019/09/19 19:32:44 INFO  [main] - Adding welcome page template: index
2019/09/19 19:32:44 INFO  [main] - Starting ProtocolHandler ["http-nio-8080"]
2019/09/19 19:32:44 INFO  [main] - Tomcat started on port(s): 8080 (http) with context path ''
2019/09/19 19:32:44 INFO  [main] - Started DemoApplication in 22.178 seconds (JVM running for 22.779)
2019/09/19 19:32:59 INFO  [http-nio-8080-exec-1] - Initializing Spring DispatcherServlet 'dispatcherServlet'
2019/09/19 19:32:59 INFO  [http-nio-8080-exec-1] - Initializing Servlet 'dispatcherServlet'
2019/09/19 19:32:59 INFO  [http-nio-8080-exec-1] - Completed initialization in 6 ms
2019/09/19 19:35:11 INFO  [main] - Starting DemoApplication on ar-mac-013.local with PID 46388 (/Users/a-mac-013/work/logback_demo/build/classes/java/main started by a-mac-013 in /Users/a-mac-013/work/logback_demo)
2019/09/19 19:35:11 INFO  [main] - No active profile set, falling back to default profiles: default
2019/09/19 19:35:12 INFO  [main] - Tomcat initialized with port(s): 8080 (http)
2019/09/19 19:35:12 INFO  [main] - Initializing ProtocolHandler ["http-nio-8080"]
2019/09/19 19:35:12 INFO  [main] - Starting service [Tomcat]
2019/09/19 19:35:12 INFO  [main] - Starting Servlet engine: [Apache Tomcat/9.0.24]
2019/09/19 19:35:12 INFO  [main] - Initializing Spring embedded WebApplicationContext
2019/09/19 19:35:12 INFO  [main] - Root WebApplicationContext: initialization completed in 1114 ms
2019/09/19 19:35:12 INFO  [main] - Initializing ExecutorService 'applicationTaskExecutor'
2019/09/19 19:35:12 INFO  [main] - Adding welcome page template: index
2019/09/19 19:35:13 INFO  [main] - Starting ProtocolHandler ["http-nio-8080"]
2019/09/19 19:35:13 INFO  [main] - Tomcat started on port(s): 8080 (http) with context path ''
2019/09/19 19:35:13 INFO  [main] - Started DemoApplication in 22.011 seconds (JVM running for 22.601)
2019/09/19 19:35:20 INFO  [http-nio-8080-exec-1] - Initializing Spring DispatcherServlet 'dispatcherServlet'
2019/09/19 19:35:20 INFO  [http-nio-8080-exec-1] - Initializing Servlet 'dispatcherServlet'
2019/09/19 19:35:20 INFO  [http-nio-8080-exec-1] - Completed initialization in 7 ms
2019/09/19 19:35:31 INFO  [http-nio-8080-exec-1] - これはrootロガーのみ継承されているためFILE_Aのみに出力されます。
2019/09/19 19:35:31 INFO  [http-nio-8080-exec-1] - これはcom.exampleロガーを継承しているのでFILE_AとFILE_Bに出力されます。
